assets/images/build/app/intermediates/manifest_merge_blame_file/debug/manifest-merger-blame-debug-report.txt
1<?xml version="1.0" encoding="utf-8"?>
2<manifest xmlns:android="http://schemas.android.com/apk/res/android"
3    package="com.example.project"
4    android:versionCode="1"
5    android:versionName="1.0.0" >
6
7    <uses-sdk
8        android:minSdkVersion="23"
9        android:targetSdkVersion="35" />
10    <!--
11         The INTERNET permission is required for development. Specifically,
12         the Flutter tool needs it to communicate with the running application
13         to allow setting breakpoints, to provide hot reload, etc.
14    -->
15    <uses-permission android:name="android.permission.INTERNET" />
15-->src\debug\AndroidManifest.xml:6:5-66
15-->src\debug\AndroidManifest.xml:6:22-64
16    <!--
17     Required to query activities that can process text, see:
18         https://developer.android.com/training/package-visibility and
19         https://developer.android.com/reference/android/content/Intent#ACTION_PROCESS_TEXT.
20
21         In particular, this is used by the Flutter engine in io.flutter.plugin.text.ProcessTextPlugin.
22    -->
23    <queries>
23-->src\main\AndroidManifest.xml:39:5-44:15
24        <intent>
24-->src\main\AndroidManifest.xml:40:9-43:18
25            <action android:name="android.intent.action.PROCESS_TEXT" />
25-->src\main\AndroidManifest.xml:41:13-72
25-->src\main\AndroidManifest.xml:41:21-70
26
27            <data android:mimeType="text/plain" />
27-->src\main\AndroidManifest.xml:42:13-50
27-->src\main\AndroidManifest.xml:42:19-48
28        </intent>
29    </queries>
30
31    <uses-permission android:name="android.permission.USE_BIOMETRIC" />
31-->[:local_auth_android] AndroidManifest.xml:7:5-72
31-->[:local_auth_android] AndroidManifest.xml:7:22-69
32    <uses-permission android:name="android.permission.ACCESS_NETWORK_STATE" /> <!-- suppress DeprecatedClassUsageInspection -->
32-->[com.google.firebase:firebase-auth:23.1.0] AndroidManifest.xml:26:5-79
32-->[com.google.firebase:firebase-auth:23.1.0] AndroidManifest.xml:26:22-76
33    <uses-permission android:name="android.permission.USE_FINGERPRINT" />
33-->[androidx.biometric:biometric:1.1.0] AndroidManifest.xml:27:5-74
33-->[androidx.biometric:biometric:1.1.0] AndroidManifest.xml:27:22-71
34    <uses-permission android:name="com.google.android.providers.gsf.permission.READ_GSERVICES" />
34-->[com.google.android.recaptcha:recaptcha:18.5.1] AndroidManifest.xml:9:5-98
34-->[com.google.android.recaptcha:recaptcha:18.5.1] AndroidManifest.xml:9:22-95
35
36    <permission
36-->[androidx.core:core:1.13.1] AndroidManifest.xml:22:5-24:47
37        android:name="com.example.project.DYNAMIC_RECEIVER_NOT_EXPORTED_PERMISSION"
37-->[androidx.core:core:1.13.1] AndroidManifest.xml:23:9-81
38        android:protectionLevel="signature" />
38-->[androidx.core:core:1.13.1] AndroidManifest.xml:24:9-44
39
40    <uses-permission android:name="com.example.project.DYNAMIC_RECEIVER_NOT_EXPORTED_PERMISSION" />
40-->[androidx.core:core:1.13.1] AndroidManifest.xml:26:5-97
40-->[androidx.core:core:1.13.1] AndroidManifest.xml:26:22-94
41
42    <application
43        android:name="android.app.Application"
44        android:appComponentFactory="androidx.core.app.CoreComponentFactory"
44-->[androidx.core:core:1.13.1] AndroidManifest.xml:28:18-86
45        android:debuggable="true"
46        android:extractNativeLibs="false"
47        android:icon="@mipmap/ic_launcher"
48        android:label="project" >
49        <activity
50            android:name="com.example.project.MainActivity"
51            android:configChanges="orientation|keyboardHidden|keyboard|screenSize|smallestScreenSize|locale|layoutDirection|fontScale|screenLayout|density|uiMode"
52            android:exported="true"
53            android:hardwareAccelerated="true"
54            android:launchMode="singleTop"
55            android:taskAffinity=""
56            android:theme="@style/LaunchTheme"
57            android:windowSoftInputMode="adjustResize" >
58
59            <!--
60                 Specifies an Android theme to apply to this Activity as soon as
61                 the Android process has started. This theme is visible to the user
62                 while the Flutter UI initializes. After that, this theme continues
63                 to determine the Window background behind the Flutter UI.
64            -->
65            <meta-data
66                android:name="io.flutter.embedding.android.NormalTheme"
67                android:resource="@style/NormalTheme" />
68
69            <intent-filter>
70                <action android:name="android.intent.action.MAIN" />
71
72                <category android:name="android.intent.category.LAUNCHER" />
73            </intent-filter>
74        </activity>
75        <!--
76             Don't delete the meta-data below.
77             This is used by the Flutter tool to generate GeneratedPluginRegistrant.java
78        -->
79        <meta-data
80            android:name="flutterEmbedding"
81            android:value="2" />
82
83        <service
83-->[:cloud_firestore] AndroidManifest.xml:8:9-12:19
84            android:name="com.google.firebase.components.ComponentDiscoveryService"
84-->[:cloud_firestore] AndroidManifest.xml:8:18-89
85            android:directBootAware="true"
85-->[com.google.firebase:firebase-common:21.0.0] AndroidManifest.xml:32:13-43
86            android:exported="false" >
86-->[com.google.firebase:firebase-auth:23.1.0] AndroidManifest.xml:68:13-37
87            <meta-data
87-->[:cloud_firestore] AndroidManifest.xml:9:13-11:85
88                android:name="com.google.firebase.components:io.flutter.plugins.firebase.firestore.FlutterFirebaseFirestoreRegistrar"
88-->[:cloud_firestore] AndroidManifest.xml:10:17-134
89                android:value="com.google.firebase.components.ComponentRegistrar" />
89-->[:cloud_firestore] AndroidManifest.xml:11:17-82
90            <meta-data
90-->[:firebase_auth] AndroidManifest.xml:9:13-11:85
91                android:name="com.google.firebase.components:io.flutter.plugins.firebase.auth.FlutterFirebaseAuthRegistrar"
91-->[:firebase_auth] AndroidManifest.xml:10:17-124
92                android:value="com.google.firebase.components.ComponentRegistrar" />
92-->[:firebase_auth] AndroidManifest.xml:11:17-82
93            <meta-data
93-->[:firebase_storage] AndroidManifest.xml:9:13-11:85
94                android:name="com.google.firebase.components:io.flutter.plugins.firebase.storage.FlutterFirebaseAppRegistrar"
94-->[:firebase_storage] AndroidManifest.xml:10:17-126
95                android:value="com.google.firebase.components.ComponentRegistrar" />
95-->[:firebase_storage] AndroidManifest.xml:11:17-82
96            <meta-data
96-->[:firebase_core] AndroidManifest.xml:9:13-11:85
97                android:name="com.google.firebase.components:io.flutter.plugins.firebase.core.FlutterFirebaseCoreRegistrar"
97-->[:firebase_core] AndroidManifest.xml:10:17-124
98                android:value="com.google.firebase.components.ComponentRegistrar" />
98-->[:firebase_core] AndroidManifest.xml:11:17-82
99            <meta-data
99-->[com.google.firebase:firebase-auth:23.1.0] AndroidManifest.xml:69:13-71:85
100                android:name="com.google.firebase.components:com.google.firebase.auth.FirebaseAuthRegistrar"
100-->[com.google.firebase:firebase-auth:23.1.0] AndroidManifest.xml:70:17-109
101                android:value="com.google.firebase.components.ComponentRegistrar" />
101-->[com.google.firebase:firebase-auth:23.1.0] AndroidManifest.xml:71:17-82
102            <meta-data
102-->[com.google.firebase:firebase-firestore:25.1.1] AndroidManifest.xml:17:13-19:85
103                android:name="com.google.firebase.components:com.google.firebase.firestore.FirebaseFirestoreKtxRegistrar"
103-->[com.google.firebase:firebase-firestore:25.1.1] AndroidManifest.xml:18:17-122
104                android:value="com.google.firebase.components.ComponentRegistrar" />
104-->[com.google.firebase:firebase-firestore:25.1.1] AndroidManifest.xml:19:17-82
105            <meta-data
105-->[com.google.firebase:firebase-firestore:25.1.1] AndroidManifest.xml:20:13-22:85
106                android:name="com.google.firebase.components:com.google.firebase.firestore.FirestoreRegistrar"
106-->[com.google.firebase:firebase-firestore:25.1.1] AndroidManifest.xml:21:17-111
107                android:value="com.google.firebase.components.ComponentRegistrar" />
107-->[com.google.firebase:firebase-firestore:25.1.1] AndroidManifest.xml:22:17-82
108            <meta-data
108-->[com.google.firebase:firebase-storage:21.0.1] AndroidManifest.xml:30:13-32:85
109                android:name="com.google.firebase.components:com.google.firebase.storage.FirebaseStorageKtxRegistrar"
109-->[com.google.firebase:firebase-storage:21.0.1] AndroidManifest.xml:31:17-118
110                android:value="com.google.firebase.components.ComponentRegistrar" />
110-->[com.google.firebase:firebase-storage:21.0.1] AndroidManifest.xml:32:17-82
111            <meta-data
111-->[com.google.firebase:firebase-storage:21.0.1] AndroidManifest.xml:33:13-35:85
112                android:name="com.google.firebase.components:com.google.firebase.storage.StorageRegistrar"
112-->[com.google.firebase:firebase-storage:21.0.1] AndroidManifest.xml:34:17-107
113                android:value="com.google.firebase.components.ComponentRegistrar" />
113-->[com.google.firebase:firebase-storage:21.0.1] AndroidManifest.xml:35:17-82
114            <meta-data
114-->[com.google.firebase:firebase-appcheck:18.0.0] AndroidManifest.xml:25:13-27:85
115                android:name="com.google.firebase.components:com.google.firebase.appcheck.FirebaseAppCheckKtxRegistrar"
115-->[com.google.firebase:firebase-appcheck:18.0.0] AndroidManifest.xml:26:17-120
116                android:value="com.google.firebase.components.ComponentRegistrar" />
116-->[com.google.firebase:firebase-appcheck:18.0.0] AndroidManifest.xml:27:17-82
117            <meta-data
117-->[com.google.firebase:firebase-appcheck:18.0.0] AndroidManifest.xml:28:13-30:85
118                android:name="com.google.firebase.components:com.google.firebase.appcheck.FirebaseAppCheckRegistrar"
118-->[com.google.firebase:firebase-appcheck:18.0.0] AndroidManifest.xml:29:17-117
119                android:value="com.google.firebase.components.ComponentRegistrar" />
119-->[com.google.firebase:firebase-appcheck:18.0.0] AndroidManifest.xml:30:17-82
120            <meta-data
120-->[com.google.firebase:firebase-common-ktx:21.0.0] AndroidManifest.xml:12:13-14:85
121                android:name="com.google.firebase.components:com.google.firebase.ktx.FirebaseCommonLegacyRegistrar"
121-->[com.google.firebase:firebase-common-ktx:21.0.0] AndroidManifest.xml:13:17-116
122                android:value="com.google.firebase.components.ComponentRegistrar" />
122-->[com.google.firebase:firebase-common-ktx:21.0.0] AndroidManifest.xml:14:17-82
123            <meta-data
123-->[com.google.firebase:firebase-common:21.0.0] AndroidManifest.xml:35:13-37:85
124                android:name="com.google.firebase.components:com.google.firebase.FirebaseCommonKtxRegistrar"
124-->[com.google.firebase:firebase-common:21.0.0] AndroidManifest.xml:36:17-109
125                android:value="com.google.firebase.components.ComponentRegistrar" />
125-->[com.google.firebase:firebase-common:21.0.0] AndroidManifest.xml:37:17-82
126        </service>
127
128        <activity
128-->[com.google.firebase:firebase-auth:23.1.0] AndroidManifest.xml:29:9-46:20
129            android:name="com.google.firebase.auth.internal.GenericIdpActivity"
129-->[com.google.firebase:firebase-auth:23.1.0] AndroidManifest.xml:30:13-80
130            android:excludeFromRecents="true"
130-->[com.google.firebase:firebase-auth:23.1.0] AndroidManifest.xml:31:13-46
131            android:exported="true"
131-->[com.google.firebase:firebase-auth:23.1.0] AndroidManifest.xml:32:13-36
132            android:launchMode="singleTask"
132-->[com.google.firebase:firebase-auth:23.1.0] AndroidManifest.xml:33:13-44
133            android:theme="@android:style/Theme.Translucent.NoTitleBar" >
133-->[com.google.firebase:firebase-auth:23.1.0] AndroidManifest.xml:34:13-72
134            <intent-filter>
134-->[com.google.firebase:firebase-auth:23.1.0] AndroidManifest.xml:35:13-45:29
135                <action android:name="android.intent.action.VIEW" />
135-->[com.google.firebase:firebase-auth:23.1.0] AndroidManifest.xml:36:17-69
135-->[com.google.firebase:firebase-auth:23.1.0] AndroidManifest.xml:36:25-66
136
137                <category android:name="android.intent.category.DEFAULT" />
137-->[com.google.firebase:firebase-auth:23.1.0] AndroidManifest.xml:38:17-76
137-->[com.google.firebase:firebase-auth:23.1.0] AndroidManifest.xml:38:27-73
138                <category android:name="android.intent.category.BROWSABLE" />
138-->[com.google.firebase:firebase-auth:23.1.0] AndroidManifest.xml:39:17-78
138-->[com.google.firebase:firebase-auth:23.1.0] AndroidManifest.xml:39:27-75
139
140                <data
140-->src\main\AndroidManifest.xml:42:13-50
141                    android:host="firebase.auth"
142                    android:path="/"
143                    android:scheme="genericidp" />
144            </intent-filter>
145        </activity>
146        <activity
146-->[com.google.firebase:firebase-auth:23.1.0] AndroidManifest.xml:47:9-64:20
147            android:name="com.google.firebase.auth.internal.RecaptchaActivity"
147-->[com.google.firebase:firebase-auth:23.1.0] AndroidManifest.xml:48:13-79
148            android:excludeFromRecents="true"
148-->[com.google.firebase:firebase-auth:23.1.0] AndroidManifest.xml:49:13-46
149            android:exported="true"
149-->[com.google.firebase:firebase-auth:23.1.0] AndroidManifest.xml:50:13-36
150            android:launchMode="singleTask"
150-->[com.google.firebase:firebase-auth:23.1.0] AndroidManifest.xml:51:13-44
151            android:theme="@android:style/Theme.Translucent.NoTitleBar" >
151-->[com.google.firebase:firebase-auth:23.1.0] AndroidManifest.xml:52:13-72
152            <intent-filter>
152-->[com.google.firebase:firebase-auth:23.1.0] AndroidManifest.xml:53:13-63:29
153                <action android:name="android.intent.action.VIEW" />
153-->[com.google.firebase:firebase-auth:23.1.0] AndroidManifest.xml:36:17-69
153-->[com.google.firebase:firebase-auth:23.1.0] AndroidManifest.xml:36:25-66
154
155                <category android:name="android.intent.category.DEFAULT" />
155-->[com.google.firebase:firebase-auth:23.1.0] AndroidManifest.xml:38:17-76
155-->[com.google.firebase:firebase-auth:23.1.0] AndroidManifest.xml:38:27-73
156                <category android:name="android.intent.category.BROWSABLE" />
156-->[com.google.firebase:firebase-auth:23.1.0] AndroidManifest.xml:39:17-78
156-->[com.google.firebase:firebase-auth:23.1.0] AndroidManifest.xml:39:27-75
157
158                <data
158-->src\main\AndroidManifest.xml:42:13-50
159                    android:host="firebase.auth"
160                    android:path="/"
161                    android:scheme="recaptcha" />
162            </intent-filter>
163        </activity>
164
165        <uses-library
165-->[androidx.window:window:1.2.0] AndroidManifest.xml:23:9-25:40
166            android:name="androidx.window.extensions"
166-->[androidx.window:window:1.2.0] AndroidManifest.xml:24:13-54
167            android:required="false" />
167-->[androidx.window:window:1.2.0] AndroidManifest.xml:25:13-37
168        <uses-library
168-->[androidx.window:window:1.2.0] AndroidManifest.xml:26:9-28:40
169            android:name="androidx.window.sidecar"
169-->[androidx.window:window:1.2.0] AndroidManifest.xml:27:13-51
170            android:required="false" />
170-->[androidx.window:window:1.2.0] AndroidManifest.xml:28:13-37
171
172        <provider
172-->[com.google.firebase:firebase-common:21.0.0] AndroidManifest.xml:23:9-28:39
173            android:name="com.google.firebase.provider.FirebaseInitProvider"
173-->[com.google.firebase:firebase-common:21.0.0] AndroidManifest.xml:24:13-77
174            android:authorities="com.example.project.firebaseinitprovider"
174-->[com.google.firebase:firebase-common:21.0.0] AndroidManifest.xml:25:13-72
175            android:directBootAware="true"
175-->[com.google.firebase:firebase-common:21.0.0] AndroidManifest.xml:26:13-43
176            android:exported="false"
176-->[com.google.firebase:firebase-common:21.0.0] AndroidManifest.xml:27:13-37
177            android:initOrder="100" />
177-->[com.google.firebase:firebase-common:21.0.0] AndroidManifest.xml:28:13-36
178
179        <service
179-->[androidx.credentials:credentials-play-services-auth:1.2.0-rc01] AndroidManifest.xml:24:9-32:19
180            android:name="androidx.credentials.playservices.CredentialProviderMetadataHolder"
180-->[androidx.credentials:credentials-play-services-auth:1.2.0-rc01] AndroidManifest.xml:25:13-94
181            android:enabled="true"
181-->[androidx.credentials:credentials-play-services-auth:1.2.0-rc01] AndroidManifest.xml:26:13-35
182            android:exported="false" >
182-->[androidx.credentials:credentials-play-services-auth:1.2.0-rc01] AndroidManifest.xml:27:13-37
183            <meta-data
183-->[androidx.credentials:credentials-play-services-auth:1.2.0-rc01] AndroidManifest.xml:29:13-31:104
184                android:name="androidx.credentials.CREDENTIAL_PROVIDER_KEY"
184-->[androidx.credentials:credentials-play-services-auth:1.2.0-rc01] AndroidManifest.xml:30:17-76
185                android:value="androidx.credentials.playservices.CredentialProviderPlayServicesImpl" />
185-->[androidx.credentials:credentials-play-services-auth:1.2.0-rc01] AndroidManifest.xml:31:17-101
186        </service>
187
188        <activity
188-->[androidx.credentials:credentials-play-services-auth:1.2.0-rc01] AndroidManifest.xml:34:9-41:20
189            android:name="androidx.credentials.playservices.HiddenActivity"
189-->[androidx.credentials:credentials-play-services-auth:1.2.0-rc01] AndroidManifest.xml:35:13-76
190            android:configChanges="orientation|screenSize|screenLayout|keyboardHidden"
190-->[androidx.credentials:credentials-play-services-auth:1.2.0-rc01] AndroidManifest.xml:36:13-87
191            android:enabled="true"
191-->[androidx.credentials:credentials-play-services-auth:1.2.0-rc01] AndroidManifest.xml:37:13-35
192            android:exported="false"
192-->[androidx.credentials:credentials-play-services-auth:1.2.0-rc01] AndroidManifest.xml:38:13-37
193            android:fitsSystemWindows="true"
193-->[androidx.credentials:credentials-play-services-auth:1.2.0-rc01] AndroidManifest.xml:39:13-45
194            android:theme="@style/Theme.Hidden" >
194-->[androidx.credentials:credentials-play-services-auth:1.2.0-rc01] AndroidManifest.xml:40:13-48
195        </activity>
196        <activity
196-->[com.google.android.gms:play-services-auth:20.7.0] AndroidManifest.xml:23:9-27:75
197            android:name="com.google.android.gms.auth.api.signin.internal.SignInHubActivity"
197-->[com.google.android.gms:play-services-auth:20.7.0] AndroidManifest.xml:24:13-93
198            android:excludeFromRecents="true"
198-->[com.google.android.gms:play-services-auth:20.7.0] AndroidManifest.xml:25:13-46
199            android:exported="false"
199-->[com.google.android.gms:play-services-auth:20.7.0] AndroidManifest.xml:26:13-37
200            android:theme="@android:style/Theme.Translucent.NoTitleBar" />
200-->[com.google.android.gms:play-services-auth:20.7.0] AndroidManifest.xml:27:13-72
201        <!--
202            Service handling Google Sign-In user revocation. For apps that do not integrate with
203            Google Sign-In, this service will never be started.
204        -->
205        <service
205-->[com.google.android.gms:play-services-auth:20.7.0] AndroidManifest.xml:33:9-37:51
206            android:name="com.google.android.gms.auth.api.signin.RevocationBoundService"
206-->[com.google.android.gms:play-services-auth:20.7.0] AndroidManifest.xml:34:13-89
207            android:exported="true"
207-->[com.google.android.gms:play-services-auth:20.7.0] AndroidManifest.xml:35:13-36
208            android:permission="com.google.android.gms.auth.api.signin.permission.REVOCATION_NOTIFICATION"
208-->[com.google.android.gms:play-services-auth:20.7.0] AndroidManifest.xml:36:13-107
209            android:visibleToInstantApps="true" />
209-->[com.google.android.gms:play-services-auth:20.7.0] AndroidManifest.xml:37:13-48
210
211        <activity
211-->[com.google.android.gms:play-services-base:18.1.0] AndroidManifest.xml:20:9-22:45
212            android:name="com.google.android.gms.common.api.GoogleApiActivity"
212-->[com.google.android.gms:play-services-base:18.1.0] AndroidManifest.xml:20:19-85
213            android:exported="false"
213-->[com.google.android.gms:play-services-base:18.1.0] AndroidManifest.xml:22:19-43
214            android:theme="@android:style/Theme.Translucent.NoTitleBar" />
214-->[com.google.android.gms:play-services-base:18.1.0] AndroidManifest.xml:21:19-78
215
216        <provider
216-->[androidx.lifecycle:lifecycle-process:2.7.0] AndroidManifest.xml:24:9-32:20
217            android:name="androidx.startup.InitializationProvider"
217-->[androidx.lifecycle:lifecycle-process:2.7.0] AndroidManifest.xml:25:13-67
218            android:authorities="com.example.project.androidx-startup"
218-->[androidx.lifecycle:lifecycle-process:2.7.0] AndroidManifest.xml:26:13-68
219            android:exported="false" >
219-->[androidx.lifecycle:lifecycle-process:2.7.0] AndroidManifest.xml:27:13-37
220            <meta-data
220-->[androidx.lifecycle:lifecycle-process:2.7.0] AndroidManifest.xml:29:13-31:52
221                android:name="androidx.lifecycle.ProcessLifecycleInitializer"
221-->[androidx.lifecycle:lifecycle-process:2.7.0] AndroidManifest.xml:30:17-78
222                android:value="androidx.startup" />
222-->[androidx.lifecycle:lifecycle-process:2.7.0] AndroidManifest.xml:31:17-49
223            <meta-data
223-->[androidx.profileinstaller:profileinstaller:1.3.1] AndroidManifest.xml:29:13-31:52
224                android:name="androidx.profileinstaller.ProfileInstallerInitializer"
224-->[androidx.profileinstaller:profileinstaller:1.3.1] AndroidManifest.xml:30:17-85
225                android:value="androidx.startup" />
225-->[androidx.profileinstaller:profileinstaller:1.3.1] AndroidManifest.xml:31:17-49
226        </provider>
227
228        <meta-data
228-->[com.google.android.gms:play-services-basement:18.4.0] AndroidManifest.xml:6:9-122
229            android:name="com.google.android.gms.version"
229-->[com.google.android.gms:play-services-basement:18.4.0] AndroidManifest.xml:6:20-65
230            android:value="@integer/google_play_services_version" />
230-->[com.google.android.gms:play-services-basement:18.4.0] AndroidManifest.xml:6:66-119
231
232        <receiver
232-->[androidx.profileinstaller:profileinstaller:1.3.1] AndroidManifest.xml:34:9-52:20
233            android:name="androidx.profileinstaller.ProfileInstallReceiver"
233-->[androidx.profileinstaller:profileinstaller:1.3.1] AndroidManifest.xml:35:13-76
234            android:directBootAware="false"
234-->[androidx.profileinstaller:profileinstaller:1.3.1] AndroidManifest.xml:36:13-44
235            android:enabled="true"
235-->[androidx.profileinstaller:profileinstaller:1.3.1] AndroidManifest.xml:37:13-35
236            android:exported="true"
236-->[androidx.profileinstaller:profileinstaller:1.3.1] AndroidManifest.xml:38:13-36
237            android:permission="android.permission.DUMP" >
237-->[androidx.profileinstaller:profileinstaller:1.3.1] AndroidManifest.xml:39:13-57
238            <intent-filter>
238-->[androidx.profileinstaller:profileinstaller:1.3.1] AndroidManifest.xml:40:13-42:29
239                <action android:name="androidx.profileinstaller.action.INSTALL_PROFILE" />
239-->[androidx.profileinstaller:profileinstaller:1.3.1] AndroidManifest.xml:41:17-91
239-->[androidx.profileinstaller:profileinstaller:1.3.1] AndroidManifest.xml:41:25-88
240            </intent-filter>
241            <intent-filter>
241-->[androidx.profileinstaller:profileinstaller:1.3.1] AndroidManifest.xml:43:13-45:29
242                <action android:name="androidx.profileinstaller.action.SKIP_FILE" />
242-->[androidx.profileinstaller:profileinstaller:1.3.1] AndroidManifest.xml:44:17-85
242-->[androidx.profileinstaller:profileinstaller:1.3.1] AndroidManifest.xml:44:25-82
243            </intent-filter>
244            <intent-filter>
244-->[androidx.profileinstaller:profileinstaller:1.3.1] AndroidManifest.xml:46:13-48:29
245                <action android:name="androidx.profileinstaller.action.SAVE_PROFILE" />
245-->[androidx.profileinstaller:profileinstaller:1.3.1] AndroidManifest.xml:47:17-88
245-->[androidx.profileinstaller:profileinstaller:1.3.1] AndroidManifest.xml:47:25-85
246            </intent-filter>
247            <intent-filter>
247-->[androidx.profileinstaller:profileinstaller:1.3.1] AndroidManifest.xml:49:13-51:29
248                <action android:name="androidx.profileinstaller.action.BENCHMARK_OPERATION" />
248-->[androidx.profileinstaller:profileinstaller:1.3.1] AndroidManifest.xml:50:17-95
248-->[androidx.profileinstaller:profileinstaller:1.3.1] AndroidManifest.xml:50:25-92
249            </intent-filter>
250        </receiver> <!-- The activities will be merged into the manifest of the hosting app. -->
251        <activity
251-->[com.google.android.play:core-common:2.0.3] AndroidManifest.xml:14:9-18:65
252            android:name="com.google.android.play.core.common.PlayCoreDialogWrapperActivity"
252-->[com.google.android.play:core-common:2.0.3] AndroidManifest.xml:15:13-93
253            android:exported="false"
253-->[com.google.android.play:core-common:2.0.3] AndroidManifest.xml:16:13-37
254            android:stateNotNeeded="true"
254-->[com.google.android.play:core-common:2.0.3] AndroidManifest.xml:17:13-42
255            android:theme="@style/Theme.PlayCore.Transparent" />
255-->[com.google.android.play:core-common:2.0.3] AndroidManifest.xml:18:13-62
256    </application>
257
258</manifest>